This file contains any messages produced by compilers while
running configure, to aid debugging if configure makes a mistake.

It was created by libexec configure 30.0.50, which was
generated by GNU Autoconf 2.71.  Invocation command line was

  $ /home/runner/work/my-emacs/my-emacs/exec/configure --host=aarch64-unknown-linux-android22 CC=/usr/local/lib/android/sdk/ndk/25.2.9519653/toolchains/llvm/prebuilt/linux-x86_64/bin/aarch64-linux-android22-clang LD=/usr/local/lib/android/sdk/ndk/25.2.9519653/toolchains/llvm/prebuilt/linux-x86_64/bin/aarch64-linux-android22-clang AS=/usr/local/lib/android/sdk/ndk/25.2.9519653/toolchains/llvm/prebuilt/linux-x86_64/bin/aarch64-linux-android22-clang AR=/usr/local/lib/android/sdk/ndk/25.2.9519653/toolchains/llvm/prebuilt/linux-x86_64/bin/llvm-ar 'CFLAGS= -Werror=implicit-function-declaration'

## --------- ##
## Platform. ##
## --------- ##

hostname = fv-az1118-461
uname -m = x86_64
uname -r = 6.5.0-1016-azure
uname -s = Linux
uname -v = #16~22.04.1-Ubuntu SMP Fri Feb 16 15:42:02 UTC 2024

/usr/bin/uname -p = x86_64
/bin/uname -X     = unknown

/bin/arch              = x86_64
/usr/bin/arch -k       = unknown
/usr/convex/getsysinfo = unknown
/usr/bin/hostinfo      = unknown
/bin/machine           = unknown
/usr/bin/oslevel       = unknown
/bin/universe          = unknown

PATH: /usr/local/lib/android/sdk/platform-tools/
PATH: /usr/local/lib/android/sdk/cmdline-tools/7.0/bin/
PATH: /opt/hostedtoolcache/Java_Zulu_jdk/11.0.22-7/x64/bin/
PATH: /snap/bin/
PATH: /home/runner/.local/bin/
PATH: /opt/pipx_bin/
PATH: /home/runner/.cargo/bin/
PATH: /home/runner/.config/composer/vendor/bin/
PATH: /usr/local/.ghcup/bin/
PATH: /home/runner/.dotnet/tools/
PATH: /usr/local/sbin/
PATH: /usr/local/bin/
PATH: /usr/sbin/
PATH: /usr/bin/
PATH: /sbin/
PATH: /bin/
PATH: /usr/games/
PATH: /usr/local/games/
PATH: /snap/bin/


## ----------- ##
## Core tests. ##
## ----------- ##

configure:2580: looking for aux files: config.guess config.sub install-sh
configure:2593:  trying ./
configure:2622:   ./config.guess found
configure:2622:   ./config.sub found
configure:2604:   ./install-sh found
configure:2762: checking for aarch64-unknown-linux-android22-gcc
configure:2794: result: /usr/local/lib/android/sdk/ndk/25.2.9519653/toolchains/llvm/prebuilt/linux-x86_64/bin/aarch64-linux-android22-clang
configure:3192: checking for C compiler version
configure:3201: /usr/local/lib/android/sdk/ndk/25.2.9519653/toolchains/llvm/prebuilt/linux-x86_64/bin/aarch64-linux-android22-clang --version >&5
Android (9352603, based on r450784d1) clang version 14.0.7 (https://android.googlesource.com/toolchain/llvm-project 4c603efb0cca074e9238af8b4106c30add4418f6)
Target: aarch64-unknown-linux-android22
Thread model: posix
InstalledDir: /usr/local/lib/android/sdk/ndk/25.2.9519653/toolchains/llvm/prebuilt/linux-x86_64/bin
configure:3212: $? = 0
configure:3201: /usr/local/lib/android/sdk/ndk/25.2.9519653/toolchains/llvm/prebuilt/linux-x86_64/bin/aarch64-linux-android22-clang -v >&5
Android (9352603, based on r450784d1) clang version 14.0.7 (https://android.googlesource.com/toolchain/llvm-project 4c603efb0cca074e9238af8b4106c30add4418f6)
Target: aarch64-unknown-linux-android22
Thread model: posix
InstalledDir: /usr/local/lib/android/sdk/ndk/25.2.9519653/toolchains/llvm/prebuilt/linux-x86_64/bin
configure:3212: $? = 0
configure:3201: /usr/local/lib/android/sdk/ndk/25.2.9519653/toolchains/llvm/prebuilt/linux-x86_64/bin/aarch64-linux-android22-clang -V >&5
clang-14: error: argument to '-V' is missing (expected 1 value)
clang-14: error: no input files
configure:3212: $? = 1
configure:3201: /usr/local/lib/android/sdk/ndk/25.2.9519653/toolchains/llvm/prebuilt/linux-x86_64/bin/aarch64-linux-android22-clang -qversion >&5
clang-14: error: unknown argument '-qversion'; did you mean '--version'?
clang-14: error: no input files
configure:3212: $? = 1
configure:3201: /usr/local/lib/android/sdk/ndk/25.2.9519653/toolchains/llvm/prebuilt/linux-x86_64/bin/aarch64-linux-android22-clang -version >&5
clang-14: error: unknown argument '-version'; did you mean '--version'?
clang-14: error: no input files
configure:3212: $? = 1
configure:3232: checking whether the C compiler works
configure:3254: /usr/local/lib/android/sdk/ndk/25.2.9519653/toolchains/llvm/prebuilt/linux-x86_64/bin/aarch64-linux-android22-clang  -Werror=implicit-function-declaration   conftest.c  >&5
configure:3258: $? = 0
configure:3308: result: yes
configure:3311: checking for C compiler default output file name
configure:3313: result: a.out
configure:3319: checking for suffix of executables
configure:3326: /usr/local/lib/android/sdk/ndk/25.2.9519653/toolchains/llvm/prebuilt/linux-x86_64/bin/aarch64-linux-android22-clang -o conftest  -Werror=implicit-function-declaration   conftest.c  >&5
configure:3330: $? = 0
configure:3353: result: 
configure:3375: checking whether we are cross compiling
configure:3383: /usr/local/lib/android/sdk/ndk/25.2.9519653/toolchains/llvm/prebuilt/linux-x86_64/bin/aarch64-linux-android22-clang -o conftest  -Werror=implicit-function-declaration   conftest.c  >&5
configure:3387: $? = 0
configure:3394: ./conftest
/home/runner/work/my-emacs/my-emacs/exec/configure: line 3396: ./conftest: cannot execute binary file: Exec format error
configure:3398: $? = 126
configure:3413: result: yes
configure:3418: checking for suffix of object files
configure:3441: /usr/local/lib/android/sdk/ndk/25.2.9519653/toolchains/llvm/prebuilt/linux-x86_64/bin/aarch64-linux-android22-clang -c  -Werror=implicit-function-declaration  conftest.c >&5
configure:3445: $? = 0
configure:3467: result: o
configure:3471: checking whether the compiler supports GNU C
configure:3491: /usr/local/lib/android/sdk/ndk/25.2.9519653/toolchains/llvm/prebuilt/linux-x86_64/bin/aarch64-linux-android22-clang -c  -Werror=implicit-function-declaration  conftest.c >&5
configure:3491: $? = 0
configure:3501: result: yes
configure:3512: checking whether /usr/local/lib/android/sdk/ndk/25.2.9519653/toolchains/llvm/prebuilt/linux-x86_64/bin/aarch64-linux-android22-clang accepts -g
configure:3533: /usr/local/lib/android/sdk/ndk/25.2.9519653/toolchains/llvm/prebuilt/linux-x86_64/bin/aarch64-linux-android22-clang -c -g  conftest.c >&5
configure:3533: $? = 0
configure:3577: result: yes
configure:3597: checking for /usr/local/lib/android/sdk/ndk/25.2.9519653/toolchains/llvm/prebuilt/linux-x86_64/bin/aarch64-linux-android22-clang option to enable C11 features
configure:3612: /usr/local/lib/android/sdk/ndk/25.2.9519653/toolchains/llvm/prebuilt/linux-x86_64/bin/aarch64-linux-android22-clang  -c  -Werror=implicit-function-declaration  conftest.c >&5
configure:3612: $? = 0
configure:3630: result: none needed
configure:3745: checking for stdio.h
configure:3745: /usr/local/lib/android/sdk/ndk/25.2.9519653/toolchains/llvm/prebuilt/linux-x86_64/bin/aarch64-linux-android22-clang -c  -Werror=implicit-function-declaration  conftest.c >&5
configure:3745: $? = 0
configure:3745: result: yes
configure:3745: checking for stdlib.h
configure:3745: /usr/local/lib/android/sdk/ndk/25.2.9519653/toolchains/llvm/prebuilt/linux-x86_64/bin/aarch64-linux-android22-clang -c  -Werror=implicit-function-declaration  conftest.c >&5
configure:3745: $? = 0
configure:3745: result: yes
configure:3745: checking for string.h
configure:3745: /usr/local/lib/android/sdk/ndk/25.2.9519653/toolchains/llvm/prebuilt/linux-x86_64/bin/aarch64-linux-android22-clang -c  -Werror=implicit-function-declaration  conftest.c >&5
configure:3745: $? = 0
configure:3745: result: yes
configure:3745: checking for inttypes.h
configure:3745: /usr/local/lib/android/sdk/ndk/25.2.9519653/toolchains/llvm/prebuilt/linux-x86_64/bin/aarch64-linux-android22-clang -c  -Werror=implicit-function-declaration  conftest.c >&5
configure:3745: $? = 0
configure:3745: result: yes
configure:3745: checking for stdint.h
configure:3745: /usr/local/lib/android/sdk/ndk/25.2.9519653/toolchains/llvm/prebuilt/linux-x86_64/bin/aarch64-linux-android22-clang -c  -Werror=implicit-function-declaration  conftest.c >&5
configure:3745: $? = 0
configure:3745: result: yes
configure:3745: checking for strings.h
configure:3745: /usr/local/lib/android/sdk/ndk/25.2.9519653/toolchains/llvm/prebuilt/linux-x86_64/bin/aarch64-linux-android22-clang -c  -Werror=implicit-function-declaration  conftest.c >&5
configure:3745: $? = 0
configure:3745: result: yes
configure:3745: checking for sys/stat.h
configure:3745: /usr/local/lib/android/sdk/ndk/25.2.9519653/toolchains/llvm/prebuilt/linux-x86_64/bin/aarch64-linux-android22-clang -c  -Werror=implicit-function-declaration  conftest.c >&5
configure:3745: $? = 0
configure:3745: result: yes
configure:3745: checking for sys/types.h
configure:3745: /usr/local/lib/android/sdk/ndk/25.2.9519653/toolchains/llvm/prebuilt/linux-x86_64/bin/aarch64-linux-android22-clang -c  -Werror=implicit-function-declaration  conftest.c >&5
configure:3745: $? = 0
configure:3745: result: yes
configure:3745: checking for unistd.h
configure:3745: /usr/local/lib/android/sdk/ndk/25.2.9519653/toolchains/llvm/prebuilt/linux-x86_64/bin/aarch64-linux-android22-clang -c  -Werror=implicit-function-declaration  conftest.c >&5
configure:3745: $? = 0
configure:3745: result: yes
configure:3745: checking for wchar.h
configure:3745: /usr/local/lib/android/sdk/ndk/25.2.9519653/toolchains/llvm/prebuilt/linux-x86_64/bin/aarch64-linux-android22-clang -c  -Werror=implicit-function-declaration  conftest.c >&5
configure:3745: $? = 0
configure:3745: result: yes
configure:3745: checking for minix/config.h
configure:3745: /usr/local/lib/android/sdk/ndk/25.2.9519653/toolchains/llvm/prebuilt/linux-x86_64/bin/aarch64-linux-android22-clang -c  -Werror=implicit-function-declaration  conftest.c >&5
conftest.c:47:10: fatal error: 'minix/config.h' file not found
#include <minix/config.h>
         ^~~~~~~~~~~~~~~~
1 error generated.
configure:3745: $? = 1
configure: failed program was:
| /* confdefs.h */
| #define PACKAGE_NAME "libexec"
| #define PACKAGE_TARNAME "libexec"
| #define PACKAGE_VERSION "30.0.50"
| #define PACKAGE_STRING "libexec 30.0.50"
| #define PACKAGE_BUGREPORT "bug-gnu-emacs@gnu.org"
| #define PACKAGE_URL "https://www.gnu.org/software/emacs/"
| #define HAVE_STDIO_H 1
| #define HAVE_STDLIB_H 1
| #define HAVE_STRING_H 1
| #define HAVE_INTTYPES_H 1
| #define HAVE_STDINT_H 1
| #define HAVE_STRINGS_H 1
| #define HAVE_SYS_STAT_H 1
| #define HAVE_SYS_TYPES_H 1
| #define HAVE_UNISTD_H 1
| #define HAVE_WCHAR_H 1
| /* end confdefs.h.  */
| #include <stddef.h>
| #ifdef HAVE_STDIO_H
| # include <stdio.h>
| #endif
| #ifdef HAVE_STDLIB_H
| # include <stdlib.h>
| #endif
| #ifdef HAVE_STRING_H
| # include <string.h>
| #endif
| #ifdef HAVE_INTTYPES_H
| # include <inttypes.h>
| #endif
| #ifdef HAVE_STDINT_H
| # include <stdint.h>
| #endif
| #ifdef HAVE_STRINGS_H
| # include <strings.h>
| #endif
| #ifdef HAVE_SYS_TYPES_H
| # include <sys/types.h>
| #endif
| #ifdef HAVE_SYS_STAT_H
| # include <sys/stat.h>
| #endif
| #ifdef HAVE_UNISTD_H
| # include <unistd.h>
| #endif
| #include <minix/config.h>
configure:3745: result: no
configure:3776: checking whether it is safe to define __EXTENSIONS__
configure:3795: /usr/local/lib/android/sdk/ndk/25.2.9519653/toolchains/llvm/prebuilt/linux-x86_64/bin/aarch64-linux-android22-clang -c  -Werror=implicit-function-declaration  conftest.c >&5
configure:3795: $? = 0
configure:3803: result: yes
configure:3806: checking whether _XOPEN_SOURCE should be defined
configure:3828: /usr/local/lib/android/sdk/ndk/25.2.9519653/toolchains/llvm/prebuilt/linux-x86_64/bin/aarch64-linux-android22-clang -c  -Werror=implicit-function-declaration  conftest.c >&5
configure:3828: $? = 0
configure:3855: result: no
configure:3919: checking for aarch64-unknown-linux-android22-gcc
configure:3951: result: /usr/local/lib/android/sdk/ndk/25.2.9519653/toolchains/llvm/prebuilt/linux-x86_64/bin/aarch64-linux-android22-clang
configure:4349: checking for C compiler version
configure:4358: /usr/local/lib/android/sdk/ndk/25.2.9519653/toolchains/llvm/prebuilt/linux-x86_64/bin/aarch64-linux-android22-clang --version >&5
Android (9352603, based on r450784d1) clang version 14.0.7 (https://android.googlesource.com/toolchain/llvm-project 4c603efb0cca074e9238af8b4106c30add4418f6)
Target: aarch64-unknown-linux-android22
Thread model: posix
InstalledDir: /usr/local/lib/android/sdk/ndk/25.2.9519653/toolchains/llvm/prebuilt/linux-x86_64/bin
configure:4369: $? = 0
configure:4358: /usr/local/lib/android/sdk/ndk/25.2.9519653/toolchains/llvm/prebuilt/linux-x86_64/bin/aarch64-linux-android22-clang -v >&5
Android (9352603, based on r450784d1) clang version 14.0.7 (https://android.googlesource.com/toolchain/llvm-project 4c603efb0cca074e9238af8b4106c30add4418f6)
Target: aarch64-unknown-linux-android22
Thread model: posix
InstalledDir: /usr/local/lib/android/sdk/ndk/25.2.9519653/toolchains/llvm/prebuilt/linux-x86_64/bin
configure:4369: $? = 0
configure:4358: /usr/local/lib/android/sdk/ndk/25.2.9519653/toolchains/llvm/prebuilt/linux-x86_64/bin/aarch64-linux-android22-clang -V >&5
clang-14: error: argument to '-V' is missing (expected 1 value)
clang-14: error: no input files
configure:4369: $? = 1
configure:4358: /usr/local/lib/android/sdk/ndk/25.2.9519653/toolchains/llvm/prebuilt/linux-x86_64/bin/aarch64-linux-android22-clang -qversion >&5
clang-14: error: unknown argument '-qversion'; did you mean '--version'?
clang-14: error: no input files
configure:4369: $? = 1
configure:4358: /usr/local/lib/android/sdk/ndk/25.2.9519653/toolchains/llvm/prebuilt/linux-x86_64/bin/aarch64-linux-android22-clang -version >&5
clang-14: error: unknown argument '-version'; did you mean '--version'?
clang-14: error: no input files
configure:4369: $? = 1
configure:4373: checking whether the compiler supports GNU C
configure:4403: result: yes
configure:4414: checking whether /usr/local/lib/android/sdk/ndk/25.2.9519653/toolchains/llvm/prebuilt/linux-x86_64/bin/aarch64-linux-android22-clang accepts -g
configure:4479: result: yes
configure:4499: checking for /usr/local/lib/android/sdk/ndk/25.2.9519653/toolchains/llvm/prebuilt/linux-x86_64/bin/aarch64-linux-android22-clang option to enable C11 features
configure:4532: result: none needed
configure:4647: checking how to run the C preprocessor
configure:4673: /usr/local/lib/android/sdk/ndk/25.2.9519653/toolchains/llvm/prebuilt/linux-x86_64/bin/aarch64-linux-android22-clang -E  conftest.c
configure:4673: $? = 0
configure:4688: /usr/local/lib/android/sdk/ndk/25.2.9519653/toolchains/llvm/prebuilt/linux-x86_64/bin/aarch64-linux-android22-clang -E  conftest.c
conftest.c:36:10: fatal error: 'ac_nonexistent.h' file not found
#include <ac_nonexistent.h>
         ^~~~~~~~~~~~~~~~~~
1 error generated.
configure:4688: $? = 1
configure: failed program was:
| /* confdefs.h */
| #define PACKAGE_NAME "libexec"
| #define PACKAGE_TARNAME "libexec"
| #define PACKAGE_VERSION "30.0.50"
| #define PACKAGE_STRING "libexec 30.0.50"
| #define PACKAGE_BUGREPORT "bug-gnu-emacs@gnu.org"
| #define PACKAGE_URL "https://www.gnu.org/software/emacs/"
| #define HAVE_STDIO_H 1
| #define HAVE_STDLIB_H 1
| #define HAVE_STRING_H 1
| #define HAVE_INTTYPES_H 1
| #define HAVE_STDINT_H 1
| #define HAVE_STRINGS_H 1
| #define HAVE_SYS_STAT_H 1
| #define HAVE_SYS_TYPES_H 1
| #define HAVE_UNISTD_H 1
| #define HAVE_WCHAR_H 1
| #define STDC_HEADERS 1
| #define _ALL_SOURCE 1
| #define _DARWIN_C_SOURCE 1
| #define _GNU_SOURCE 1
| #define _HPUX_ALT_XOPEN_SOCKET_API 1
| #define _NETBSD_SOURCE 1
| #define _OPENBSD_SOURCE 1
| #define _POSIX_PTHREAD_SEMANTICS 1
| #define __STDC_WANT_IEC_60559_ATTRIBS_EXT__ 1
| #define __STDC_WANT_IEC_60559_BFP_EXT__ 1
| #define __STDC_WANT_IEC_60559_DFP_EXT__ 1
| #define __STDC_WANT_IEC_60559_FUNCS_EXT__ 1
| #define __STDC_WANT_IEC_60559_TYPES_EXT__ 1
| #define __STDC_WANT_LIB_EXT2__ 1
| #define __STDC_WANT_MATH_SPEC_FUNCS__ 1
| #define _TANDEM_SOURCE 1
| #define __EXTENSIONS__ 1
| /* end confdefs.h.  */
| #include <ac_nonexistent.h>
configure:4715: result: /usr/local/lib/android/sdk/ndk/25.2.9519653/toolchains/llvm/prebuilt/linux-x86_64/bin/aarch64-linux-android22-clang -E
configure:4729: /usr/local/lib/android/sdk/ndk/25.2.9519653/toolchains/llvm/prebuilt/linux-x86_64/bin/aarch64-linux-android22-clang -E  conftest.c
configure:4729: $? = 0
configure:4744: /usr/local/lib/android/sdk/ndk/25.2.9519653/toolchains/llvm/prebuilt/linux-x86_64/bin/aarch64-linux-android22-clang -E  conftest.c
conftest.c:36:10: fatal error: 'ac_nonexistent.h' file not found
#include <ac_nonexistent.h>
         ^~~~~~~~~~~~~~~~~~
1 error generated.
configure:4744: $? = 1
configure: failed program was:
| /* confdefs.h */
| #define PACKAGE_NAME "libexec"
| #define PACKAGE_TARNAME "libexec"
| #define PACKAGE_VERSION "30.0.50"
| #define PACKAGE_STRING "libexec 30.0.50"
| #define PACKAGE_BUGREPORT "bug-gnu-emacs@gnu.org"
| #define PACKAGE_URL "https://www.gnu.org/software/emacs/"
| #define HAVE_STDIO_H 1
| #define HAVE_STDLIB_H 1
| #define HAVE_STRING_H 1
| #define HAVE_INTTYPES_H 1
| #define HAVE_STDINT_H 1
| #define HAVE_STRINGS_H 1
| #define HAVE_SYS_STAT_H 1
| #define HAVE_SYS_TYPES_H 1
| #define HAVE_UNISTD_H 1
| #define HAVE_WCHAR_H 1
| #define STDC_HEADERS 1
| #define _ALL_SOURCE 1
| #define _DARWIN_C_SOURCE 1
| #define _GNU_SOURCE 1
| #define _HPUX_ALT_XOPEN_SOCKET_API 1
| #define _NETBSD_SOURCE 1
| #define _OPENBSD_SOURCE 1
| #define _POSIX_PTHREAD_SEMANTICS 1
| #define __STDC_WANT_IEC_60559_ATTRIBS_EXT__ 1
| #define __STDC_WANT_IEC_60559_BFP_EXT__ 1
| #define __STDC_WANT_IEC_60559_DFP_EXT__ 1
| #define __STDC_WANT_IEC_60559_FUNCS_EXT__ 1
| #define __STDC_WANT_IEC_60559_TYPES_EXT__ 1
| #define __STDC_WANT_LIB_EXT2__ 1
| #define __STDC_WANT_MATH_SPEC_FUNCS__ 1
| #define _TANDEM_SOURCE 1
| #define __EXTENSIONS__ 1
| /* end confdefs.h.  */
| #include <ac_nonexistent.h>
configure:4790: checking for a BSD-compatible install
configure:4863: result: /usr/bin/install -c
configure:4875: checking for uint8_t
configure:4875: /usr/local/lib/android/sdk/ndk/25.2.9519653/toolchains/llvm/prebuilt/linux-x86_64/bin/aarch64-linux-android22-clang -c  -Werror=implicit-function-declaration  conftest.c >&5
configure:4875: $? = 0
configure:4875: result: yes
configure:4887: checking for uint16_t
configure:4887: /usr/local/lib/android/sdk/ndk/25.2.9519653/toolchains/llvm/prebuilt/linux-x86_64/bin/aarch64-linux-android22-clang -c  -Werror=implicit-function-declaration  conftest.c >&5
configure:4887: $? = 0
configure:4887: result: yes
configure:4897: checking for uint32_t
configure:4897: /usr/local/lib/android/sdk/ndk/25.2.9519653/toolchains/llvm/prebuilt/linux-x86_64/bin/aarch64-linux-android22-clang -c  -Werror=implicit-function-declaration  conftest.c >&5
configure:4897: $? = 0
configure:4897: result: yes
configure:4909: checking for uint64_t
configure:4909: /usr/local/lib/android/sdk/ndk/25.2.9519653/toolchains/llvm/prebuilt/linux-x86_64/bin/aarch64-linux-android22-clang -c  -Werror=implicit-function-declaration  conftest.c >&5
configure:4909: $? = 0
configure:4909: result: yes
configure:4922: checking for uintptr_t
configure:4922: /usr/local/lib/android/sdk/ndk/25.2.9519653/toolchains/llvm/prebuilt/linux-x86_64/bin/aarch64-linux-android22-clang -c  -Werror=implicit-function-declaration  conftest.c >&5
configure:4922: $? = 0
configure:4922: /usr/local/lib/android/sdk/ndk/25.2.9519653/toolchains/llvm/prebuilt/linux-x86_64/bin/aarch64-linux-android22-clang -c  -Werror=implicit-function-declaration  conftest.c >&5
conftest.c:67:24: error: expected expression
if (sizeof ((uintptr_t)))
                       ^
1 error generated.
configure:4922: $? = 1
configure: failed program was:
| /* confdefs.h */
| #define PACKAGE_NAME "libexec"
| #define PACKAGE_TARNAME "libexec"
| #define PACKAGE_VERSION "30.0.50"
| #define PACKAGE_STRING "libexec 30.0.50"
| #define PACKAGE_BUGREPORT "bug-gnu-emacs@gnu.org"
| #define PACKAGE_URL "https://www.gnu.org/software/emacs/"
| #define HAVE_STDIO_H 1
| #define HAVE_STDLIB_H 1
| #define HAVE_STRING_H 1
| #define HAVE_INTTYPES_H 1
| #define HAVE_STDINT_H 1
| #define HAVE_STRINGS_H 1
| #define HAVE_SYS_STAT_H 1
| #define HAVE_SYS_TYPES_H 1
| #define HAVE_UNISTD_H 1
| #define HAVE_WCHAR_H 1
| #define STDC_HEADERS 1
| #define _ALL_SOURCE 1
| #define _DARWIN_C_SOURCE 1
| #define _GNU_SOURCE 1
| #define _HPUX_ALT_XOPEN_SOCKET_API 1
| #define _NETBSD_SOURCE 1
| #define _OPENBSD_SOURCE 1
| #define _POSIX_PTHREAD_SEMANTICS 1
| #define __STDC_WANT_IEC_60559_ATTRIBS_EXT__ 1
| #define __STDC_WANT_IEC_60559_BFP_EXT__ 1
| #define __STDC_WANT_IEC_60559_DFP_EXT__ 1
| #define __STDC_WANT_IEC_60559_FUNCS_EXT__ 1
| #define __STDC_WANT_IEC_60559_TYPES_EXT__ 1
| #define __STDC_WANT_LIB_EXT2__ 1
| #define __STDC_WANT_MATH_SPEC_FUNCS__ 1
| #define _TANDEM_SOURCE 1
| #define __EXTENSIONS__ 1
| /* end confdefs.h.  */
| #include <stddef.h>
| #ifdef HAVE_STDIO_H
| # include <stdio.h>
| #endif
| #ifdef HAVE_STDLIB_H
| # include <stdlib.h>
| #endif
| #ifdef HAVE_STRING_H
| # include <string.h>
| #endif
| #ifdef HAVE_INTTYPES_H
| # include <inttypes.h>
| #endif
| #ifdef HAVE_STDINT_H
| # include <stdint.h>
| #endif
| #ifdef HAVE_STRINGS_H
| # include <strings.h>
| #endif
| #ifdef HAVE_SYS_TYPES_H
| # include <sys/types.h>
| #endif
| #ifdef HAVE_SYS_STAT_H
| # include <sys/stat.h>
| #endif
| #ifdef HAVE_UNISTD_H
| # include <unistd.h>
| #endif
| int
| main (void)
| {
| if (sizeof ((uintptr_t)))
| 	    return 0;
|   ;
|   return 0;
| }
configure:4922: result: yes
configure:4958: checking for size_t
configure:4958: /usr/local/lib/android/sdk/ndk/25.2.9519653/toolchains/llvm/prebuilt/linux-x86_64/bin/aarch64-linux-android22-clang -c  -Werror=implicit-function-declaration  conftest.c >&5
configure:4958: $? = 0
configure:4958: /usr/local/lib/android/sdk/ndk/25.2.9519653/toolchains/llvm/prebuilt/linux-x86_64/bin/aarch64-linux-android22-clang -c  -Werror=implicit-function-declaration  conftest.c >&5
conftest.c:68:21: error: expected expression
if (sizeof ((size_t)))
                    ^
1 error generated.
configure:4958: $? = 1
configure: failed program was:
| /* confdefs.h */
| #define PACKAGE_NAME "libexec"
| #define PACKAGE_TARNAME "libexec"
| #define PACKAGE_VERSION "30.0.50"
| #define PACKAGE_STRING "libexec 30.0.50"
| #define PACKAGE_BUGREPORT "bug-gnu-emacs@gnu.org"
| #define PACKAGE_URL "https://www.gnu.org/software/emacs/"
| #define HAVE_STDIO_H 1
| #define HAVE_STDLIB_H 1
| #define HAVE_STRING_H 1
| #define HAVE_INTTYPES_H 1
| #define HAVE_STDINT_H 1
| #define HAVE_STRINGS_H 1
| #define HAVE_SYS_STAT_H 1
| #define HAVE_SYS_TYPES_H 1
| #define HAVE_UNISTD_H 1
| #define HAVE_WCHAR_H 1
| #define STDC_HEADERS 1
| #define _ALL_SOURCE 1
| #define _DARWIN_C_SOURCE 1
| #define _GNU_SOURCE 1
| #define _HPUX_ALT_XOPEN_SOCKET_API 1
| #define _NETBSD_SOURCE 1
| #define _OPENBSD_SOURCE 1
| #define _POSIX_PTHREAD_SEMANTICS 1
| #define __STDC_WANT_IEC_60559_ATTRIBS_EXT__ 1
| #define __STDC_WANT_IEC_60559_BFP_EXT__ 1
| #define __STDC_WANT_IEC_60559_DFP_EXT__ 1
| #define __STDC_WANT_IEC_60559_FUNCS_EXT__ 1
| #define __STDC_WANT_IEC_60559_TYPES_EXT__ 1
| #define __STDC_WANT_LIB_EXT2__ 1
| #define __STDC_WANT_MATH_SPEC_FUNCS__ 1
| #define _TANDEM_SOURCE 1
| #define __EXTENSIONS__ 1
| #define HAVE_UINTPTR_T 1
| /* end confdefs.h.  */
| #include <stddef.h>
| #ifdef HAVE_STDIO_H
| # include <stdio.h>
| #endif
| #ifdef HAVE_STDLIB_H
| # include <stdlib.h>
| #endif
| #ifdef HAVE_STRING_H
| # include <string.h>
| #endif
| #ifdef HAVE_INTTYPES_H
| # include <inttypes.h>
| #endif
| #ifdef HAVE_STDINT_H
| # include <stdint.h>
| #endif
| #ifdef HAVE_STRINGS_H
| # include <strings.h>
| #endif
| #ifdef HAVE_SYS_TYPES_H
| # include <sys/types.h>
| #endif
| #ifdef HAVE_SYS_STAT_H
| # include <sys/stat.h>
| #endif
| #ifdef HAVE_UNISTD_H
| # include <unistd.h>
| #endif
| int
| main (void)
| {
| if (sizeof ((size_t)))
| 	    return 0;
|   ;
|   return 0;
| }
configure:4958: result: yes
configure:4968: checking for ssize_t
configure:4968: /usr/local/lib/android/sdk/ndk/25.2.9519653/toolchains/llvm/prebuilt/linux-x86_64/bin/aarch64-linux-android22-clang -c  -Werror=implicit-function-declaration  conftest.c >&5
configure:4968: $? = 0
configure:4968: /usr/local/lib/android/sdk/ndk/25.2.9519653/toolchains/llvm/prebuilt/linux-x86_64/bin/aarch64-linux-android22-clang -c  -Werror=implicit-function-declaration  conftest.c >&5
conftest.c:68:22: error: expected expression
if (sizeof ((ssize_t)))
                     ^
1 error generated.
configure:4968: $? = 1
configure: failed program was:
| /* confdefs.h */
| #define PACKAGE_NAME "libexec"
| #define PACKAGE_TARNAME "libexec"
| #define PACKAGE_VERSION "30.0.50"
| #define PACKAGE_STRING "libexec 30.0.50"
| #define PACKAGE_BUGREPORT "bug-gnu-emacs@gnu.org"
| #define PACKAGE_URL "https://www.gnu.org/software/emacs/"
| #define HAVE_STDIO_H 1
| #define HAVE_STDLIB_H 1
| #define HAVE_STRING_H 1
| #define HAVE_INTTYPES_H 1
| #define HAVE_STDINT_H 1
| #define HAVE_STRINGS_H 1
| #define HAVE_SYS_STAT_H 1
| #define HAVE_SYS_TYPES_H 1
| #define HAVE_UNISTD_H 1
| #define HAVE_WCHAR_H 1
| #define STDC_HEADERS 1
| #define _ALL_SOURCE 1
| #define _DARWIN_C_SOURCE 1
| #define _GNU_SOURCE 1
| #define _HPUX_ALT_XOPEN_SOCKET_API 1
| #define _NETBSD_SOURCE 1
| #define _OPENBSD_SOURCE 1
| #define _POSIX_PTHREAD_SEMANTICS 1
| #define __STDC_WANT_IEC_60559_ATTRIBS_EXT__ 1
| #define __STDC_WANT_IEC_60559_BFP_EXT__ 1
| #define __STDC_WANT_IEC_60559_DFP_EXT__ 1
| #define __STDC_WANT_IEC_60559_FUNCS_EXT__ 1
| #define __STDC_WANT_IEC_60559_TYPES_EXT__ 1
| #define __STDC_WANT_LIB_EXT2__ 1
| #define __STDC_WANT_MATH_SPEC_FUNCS__ 1
| #define _TANDEM_SOURCE 1
| #define __EXTENSIONS__ 1
| #define HAVE_UINTPTR_T 1
| /* end confdefs.h.  */
| #include <stddef.h>
| #ifdef HAVE_STDIO_H
| # include <stdio.h>
| #endif
| #ifdef HAVE_STDLIB_H
| # include <stdlib.h>
| #endif
| #ifdef HAVE_STRING_H
| # include <string.h>
| #endif
| #ifdef HAVE_INTTYPES_H
| # include <inttypes.h>
| #endif
| #ifdef HAVE_STDINT_H
| # include <stdint.h>
| #endif
| #ifdef HAVE_STRINGS_H
| # include <strings.h>
| #endif
| #ifdef HAVE_SYS_TYPES_H
| # include <sys/types.h>
| #endif
| #ifdef HAVE_SYS_STAT_H
| # include <sys/stat.h>
| #endif
| #ifdef HAVE_UNISTD_H
| # include <unistd.h>
| #endif
| int
| main (void)
| {
| if (sizeof ((ssize_t)))
| 	    return 0;
|   ;
|   return 0;
| }
configure:4968: result: yes
configure:4979: checking for pid_t
configure:4979: /usr/local/lib/android/sdk/ndk/25.2.9519653/toolchains/llvm/prebuilt/linux-x86_64/bin/aarch64-linux-android22-clang -c  -Werror=implicit-function-declaration  conftest.c >&5
configure:4979: $? = 0
configure:4979: /usr/local/lib/android/sdk/ndk/25.2.9519653/toolchains/llvm/prebuilt/linux-x86_64/bin/aarch64-linux-android22-clang -c  -Werror=implicit-function-declaration  conftest.c >&5
conftest.c:69:20: error: expected expression
if (sizeof ((pid_t)))
                   ^
1 error generated.
configure:4979: $? = 1
configure: failed program was:
| /* confdefs.h */
| #define PACKAGE_NAME "libexec"
| #define PACKAGE_TARNAME "libexec"
| #define PACKAGE_VERSION "30.0.50"
| #define PACKAGE_STRING "libexec 30.0.50"
| #define PACKAGE_BUGREPORT "bug-gnu-emacs@gnu.org"
| #define PACKAGE_URL "https://www.gnu.org/software/emacs/"
| #define HAVE_STDIO_H 1
| #define HAVE_STDLIB_H 1
| #define HAVE_STRING_H 1
| #define HAVE_INTTYPES_H 1
| #define HAVE_STDINT_H 1
| #define HAVE_STRINGS_H 1
| #define HAVE_SYS_STAT_H 1
| #define HAVE_SYS_TYPES_H 1
| #define HAVE_UNISTD_H 1
| #define HAVE_WCHAR_H 1
| #define STDC_HEADERS 1
| #define _ALL_SOURCE 1
| #define _DARWIN_C_SOURCE 1
| #define _GNU_SOURCE 1
| #define _HPUX_ALT_XOPEN_SOCKET_API 1
| #define _NETBSD_SOURCE 1
| #define _OPENBSD_SOURCE 1
| #define _POSIX_PTHREAD_SEMANTICS 1
| #define __STDC_WANT_IEC_60559_ATTRIBS_EXT__ 1
| #define __STDC_WANT_IEC_60559_BFP_EXT__ 1
| #define __STDC_WANT_IEC_60559_DFP_EXT__ 1
| #define __STDC_WANT_IEC_60559_FUNCS_EXT__ 1
| #define __STDC_WANT_IEC_60559_TYPES_EXT__ 1
| #define __STDC_WANT_LIB_EXT2__ 1
| #define __STDC_WANT_MATH_SPEC_FUNCS__ 1
| #define _TANDEM_SOURCE 1
| #define __EXTENSIONS__ 1
| #define HAVE_UINTPTR_T 1
| /* end confdefs.h.  */
| #include <stddef.h>
| #ifdef HAVE_STDIO_H
| # include <stdio.h>
| #endif
| #ifdef HAVE_STDLIB_H
| # include <stdlib.h>
| #endif
| #ifdef HAVE_STRING_H
| # include <string.h>
| #endif
| #ifdef HAVE_INTTYPES_H
| # include <inttypes.h>
| #endif
| #ifdef HAVE_STDINT_H
| # include <stdint.h>
| #endif
| #ifdef HAVE_STRINGS_H
| # include <strings.h>
| #endif
| #ifdef HAVE_SYS_TYPES_H
| # include <sys/types.h>
| #endif
| #ifdef HAVE_SYS_STAT_H
| # include <sys/stat.h>
| #endif
| #ifdef HAVE_UNISTD_H
| # include <unistd.h>
| #endif
| 
| int
| main (void)
| {
| if (sizeof ((pid_t)))
| 	    return 0;
|   ;
|   return 0;
| }
configure:4979: result: yes
configure:5016: checking for _Bool
configure:5016: /usr/local/lib/android/sdk/ndk/25.2.9519653/toolchains/llvm/prebuilt/linux-x86_64/bin/aarch64-linux-android22-clang -c  -Werror=implicit-function-declaration  conftest.c >&5
configure:5016: $? = 0
configure:5016: /usr/local/lib/android/sdk/ndk/25.2.9519653/toolchains/llvm/prebuilt/linux-x86_64/bin/aarch64-linux-android22-clang -c  -Werror=implicit-function-declaration  conftest.c >&5
conftest.c:68:20: error: expected expression
if (sizeof ((_Bool)))
                   ^
1 error generated.
configure:5016: $? = 1
configure: failed program was:
| /* confdefs.h */
| #define PACKAGE_NAME "libexec"
| #define PACKAGE_TARNAME "libexec"
| #define PACKAGE_VERSION "30.0.50"
| #define PACKAGE_STRING "libexec 30.0.50"
| #define PACKAGE_BUGREPORT "bug-gnu-emacs@gnu.org"
| #define PACKAGE_URL "https://www.gnu.org/software/emacs/"
| #define HAVE_STDIO_H 1
| #define HAVE_STDLIB_H 1
| #define HAVE_STRING_H 1
| #define HAVE_INTTYPES_H 1
| #define HAVE_STDINT_H 1
| #define HAVE_STRINGS_H 1
| #define HAVE_SYS_STAT_H 1
| #define HAVE_SYS_TYPES_H 1
| #define HAVE_UNISTD_H 1
| #define HAVE_WCHAR_H 1
| #define STDC_HEADERS 1
| #define _ALL_SOURCE 1
| #define _DARWIN_C_SOURCE 1
| #define _GNU_SOURCE 1
| #define _HPUX_ALT_XOPEN_SOCKET_API 1
| #define _NETBSD_SOURCE 1
| #define _OPENBSD_SOURCE 1
| #define _POSIX_PTHREAD_SEMANTICS 1
| #define __STDC_WANT_IEC_60559_ATTRIBS_EXT__ 1
| #define __STDC_WANT_IEC_60559_BFP_EXT__ 1
| #define __STDC_WANT_IEC_60559_DFP_EXT__ 1
| #define __STDC_WANT_IEC_60559_FUNCS_EXT__ 1
| #define __STDC_WANT_IEC_60559_TYPES_EXT__ 1
| #define __STDC_WANT_LIB_EXT2__ 1
| #define __STDC_WANT_MATH_SPEC_FUNCS__ 1
| #define _TANDEM_SOURCE 1
| #define __EXTENSIONS__ 1
| #define HAVE_UINTPTR_T 1
| /* end confdefs.h.  */
| #include <stddef.h>
| #ifdef HAVE_STDIO_H
| # include <stdio.h>
| #endif
| #ifdef HAVE_STDLIB_H
| # include <stdlib.h>
| #endif
| #ifdef HAVE_STRING_H
| # include <string.h>
| #endif
| #ifdef HAVE_INTTYPES_H
| # include <inttypes.h>
| #endif
| #ifdef HAVE_STDINT_H
| # include <stdint.h>
| #endif
| #ifdef HAVE_STRINGS_H
| # include <strings.h>
| #endif
| #ifdef HAVE_SYS_TYPES_H
| # include <sys/types.h>
| #endif
| #ifdef HAVE_SYS_STAT_H
| # include <sys/stat.h>
| #endif
| #ifdef HAVE_UNISTD_H
| # include <unistd.h>
| #endif
| int
| main (void)
| {
| if (sizeof ((_Bool)))
| 	    return 0;
|   ;
|   return 0;
| }
configure:5016: result: yes
configure:5025: checking for stdbool.h that conforms to C99
configure:5141: /usr/local/lib/android/sdk/ndk/25.2.9519653/toolchains/llvm/prebuilt/linux-x86_64/bin/aarch64-linux-android22-clang -c  -Werror=implicit-function-declaration  conftest.c >&5
conftest.c:123:25: warning: address of 's' will always evaluate to 'true' [-Wpointer-bool-conversion]
             bool ps = &s;
                  ~~    ^
conftest.c:128:28: warning: address of 't' will always evaluate to 'true' [-Wpointer-bool-conversion]
               _Bool pt = &t;
                     ~~    ^
conftest.c:138:55: warning: address of array 'y' will always evaluate to 'true' [-Wpointer-bool-conversion]
                                                     ~^
conftest.c:138:50: warning: address of array 'x' will always evaluate to 'true' [-Wpointer-bool-conversion]
                                                ~^
conftest.c:138:45: warning: address of array 'w' will always evaluate to 'true' [-Wpointer-bool-conversion]
                                           ~^
conftest.c:138:40: warning: address of array 'v' will always evaluate to 'true' [-Wpointer-bool-conversion]
                                      ~^
conftest.c:138:35: warning: address of array 'u' will always evaluate to 'true' [-Wpointer-bool-conversion]
                                 ~^
conftest.c:138:30: warning: address of array 'r' will always evaluate to 'true' [-Wpointer-bool-conversion]
                            ~^
conftest.c:138:25: warning: address of array 'q' will always evaluate to 'true' [-Wpointer-bool-conversion]
                       ~^
conftest.c:136:40: warning: address of array 'o' will always evaluate to 'true' [-Wpointer-bool-conversion]
                                      ~^
conftest.c:136:35: warning: address of array 'n' will always evaluate to 'true' [-Wpointer-bool-conversion]
                                 ~^
conftest.c:136:30: warning: address of array 'm' will always evaluate to 'true' [-Wpointer-bool-conversion]
                            ~^
conftest.c:136:25: warning: address of array 'l' will always evaluate to 'true' [-Wpointer-bool-conversion]
                       ~^
conftest.c:135:73: warning: address of array 'k' will always evaluate to 'true' [-Wpointer-bool-conversion]
             return (!a + !b + !c + !d + !e + !f + !g + !h + !i + !j + !k
                                                                       ~^
conftest.c:135:68: warning: address of array 'j' will always evaluate to 'true' [-Wpointer-bool-conversion]
             return (!a + !b + !c + !d + !e + !f + !g + !h + !i + !j + !k
                                                                  ~^
conftest.c:135:63: warning: address of array 'i' will always evaluate to 'true' [-Wpointer-bool-conversion]
             return (!a + !b + !c + !d + !e + !f + !g + !h + !i + !j + !k
                                                             ~^
conftest.c:135:38: warning: address of array 'd' will always evaluate to 'true' [-Wpointer-bool-conversion]
             return (!a + !b + !c + !d + !e + !f + !g + !h + !i + !j + !k
                                    ~^
conftest.c:135:33: warning: address of array 'c' will always evaluate to 'true' [-Wpointer-bool-conversion]
             return (!a + !b + !c + !d + !e + !f + !g + !h + !i + !j + !k
                               ~^
conftest.c:135:28: warning: address of array 'b' will always evaluate to 'true' [-Wpointer-bool-conversion]
             return (!a + !b + !c + !d + !e + !f + !g + !h + !i + !j + !k
                          ~^
conftest.c:135:23: warning: address of array 'a' will always evaluate to 'true' [-Wpointer-bool-conversion]
             return (!a + !b + !c + !d + !e + !f + !g + !h + !i + !j + !k
                     ~^
20 warnings generated.
configure:5141: $? = 0
configure:5149: result: yes
configure:5158: checking for getpagesize
configure:5158: /usr/local/lib/android/sdk/ndk/25.2.9519653/toolchains/llvm/prebuilt/linux-x86_64/bin/aarch64-linux-android22-clang -o conftest  -Werror=implicit-function-declaration   conftest.c  >&5
configure:5158: $? = 0
configure:5158: result: yes
configure:5164: checking for stpcpy
configure:5164: /usr/local/lib/android/sdk/ndk/25.2.9519653/toolchains/llvm/prebuilt/linux-x86_64/bin/aarch64-linux-android22-clang -o conftest  -Werror=implicit-function-declaration   conftest.c  >&5
conftest.c:56:6: warning: incompatible redeclaration of library function 'stpcpy' [-Wincompatible-library-redeclaration]
char stpcpy ();
     ^
conftest.c:56:6: note: 'stpcpy' is a builtin with type 'char *(char *, const char *)'
1 warning generated.
configure:5164: $? = 0
configure:5164: result: yes
configure:5171: checking for /usr/local/lib/android/sdk/ndk/25.2.9519653/toolchains/llvm/prebuilt/linux-x86_64/bin/aarch64-linux-android22-clang options needed to detect all undeclared functions
configure:5193: /usr/local/lib/android/sdk/ndk/25.2.9519653/toolchains/llvm/prebuilt/linux-x86_64/bin/aarch64-linux-android22-clang -c  -Werror=implicit-function-declaration   conftest.c >&5
conftest.c:45:8: error: implicitly declaring library function 'strchr' with type 'char *(const char *, int)' [-Werror,-Wimplicit-function-declaration]
(void) strchr;
       ^
conftest.c:45:8: note: include the header <string.h> or explicitly provide a declaration for 'strchr'
1 error generated.
configure:5193: $? = 1
configure: failed program was:
| /* confdefs.h */
| #define PACKAGE_NAME "libexec"
| #define PACKAGE_TARNAME "libexec"
| #define PACKAGE_VERSION "30.0.50"
| #define PACKAGE_STRING "libexec 30.0.50"
| #define PACKAGE_BUGREPORT "bug-gnu-emacs@gnu.org"
| #define PACKAGE_URL "https://www.gnu.org/software/emacs/"
| #define HAVE_STDIO_H 1
| #define HAVE_STDLIB_H 1
| #define HAVE_STRING_H 1
| #define HAVE_INTTYPES_H 1
| #define HAVE_STDINT_H 1
| #define HAVE_STRINGS_H 1
| #define HAVE_SYS_STAT_H 1
| #define HAVE_SYS_TYPES_H 1
| #define HAVE_UNISTD_H 1
| #define HAVE_WCHAR_H 1
| #define STDC_HEADERS 1
| #define _ALL_SOURCE 1
| #define _DARWIN_C_SOURCE 1
| #define _GNU_SOURCE 1
| #define _HPUX_ALT_XOPEN_SOCKET_API 1
| #define _NETBSD_SOURCE 1
| #define _OPENBSD_SOURCE 1
| #define _POSIX_PTHREAD_SEMANTICS 1
| #define __STDC_WANT_IEC_60559_ATTRIBS_EXT__ 1
| #define __STDC_WANT_IEC_60559_BFP_EXT__ 1
| #define __STDC_WANT_IEC_60559_DFP_EXT__ 1
| #define __STDC_WANT_IEC_60559_FUNCS_EXT__ 1
| #define __STDC_WANT_IEC_60559_TYPES_EXT__ 1
| #define __STDC_WANT_LIB_EXT2__ 1
| #define __STDC_WANT_MATH_SPEC_FUNCS__ 1
| #define _TANDEM_SOURCE 1
| #define __EXTENSIONS__ 1
| #define HAVE_UINTPTR_T 1
| #define HAVE__BOOL 1
| #define HAVE_STDBOOL_H 1
| #define HAVE_GETPAGESIZE 1
| #define HAVE_STPCPY 1
| /* end confdefs.h.  */
| 
| int
| main (void)
| {
| (void) strchr;
|   ;
|   return 0;
| }
configure:5220: /usr/local/lib/android/sdk/ndk/25.2.9519653/toolchains/llvm/prebuilt/linux-x86_64/bin/aarch64-linux-android22-clang -c  -Werror=implicit-function-declaration   conftest.c >&5
configure:5220: $? = 0
configure:5237: result: none needed
configure:5251: checking whether stpcpy is declared
configure:5251: /usr/local/lib/android/sdk/ndk/25.2.9519653/toolchains/llvm/prebuilt/linux-x86_64/bin/aarch64-linux-android22-clang -c  -Werror=implicit-function-declaration   conftest.c >&5
configure:5251: $? = 0
configure:5251: result: yes
configure:5260: checking for process_vm_readv
configure:5260: /usr/local/lib/android/sdk/ndk/25.2.9519653/toolchains/llvm/prebuilt/linux-x86_64/bin/aarch64-linux-android22-clang -o conftest  -Werror=implicit-function-declaration   conftest.c  >&5
ld: error: undefined symbol: process_vm_readv
>>> referenced by conftest.c
>>>               /tmp/conftest-cb8397.o:(main)
clang-14: error: linker command failed with exit code 1 (use -v to see invocation)
configure:5260: $? = 1
configure: failed program was:
| /* confdefs.h */
| #define PACKAGE_NAME "libexec"
| #define PACKAGE_TARNAME "libexec"
| #define PACKAGE_VERSION "30.0.50"
| #define PACKAGE_STRING "libexec 30.0.50"
| #define PACKAGE_BUGREPORT "bug-gnu-emacs@gnu.org"
| #define PACKAGE_URL "https://www.gnu.org/software/emacs/"
| #define HAVE_STDIO_H 1
| #define HAVE_STDLIB_H 1
| #define HAVE_STRING_H 1
| #define HAVE_INTTYPES_H 1
| #define HAVE_STDINT_H 1
| #define HAVE_STRINGS_H 1
| #define HAVE_SYS_STAT_H 1
| #define HAVE_SYS_TYPES_H 1
| #define HAVE_UNISTD_H 1
| #define HAVE_WCHAR_H 1
| #define STDC_HEADERS 1
| #define _ALL_SOURCE 1
| #define _DARWIN_C_SOURCE 1
| #define _GNU_SOURCE 1
| #define _HPUX_ALT_XOPEN_SOCKET_API 1
| #define _NETBSD_SOURCE 1
| #define _OPENBSD_SOURCE 1
| #define _POSIX_PTHREAD_SEMANTICS 1
| #define __STDC_WANT_IEC_60559_ATTRIBS_EXT__ 1
| #define __STDC_WANT_IEC_60559_BFP_EXT__ 1
| #define __STDC_WANT_IEC_60559_DFP_EXT__ 1
| #define __STDC_WANT_IEC_60559_FUNCS_EXT__ 1
| #define __STDC_WANT_IEC_60559_TYPES_EXT__ 1
| #define __STDC_WANT_LIB_EXT2__ 1
| #define __STDC_WANT_MATH_SPEC_FUNCS__ 1
| #define _TANDEM_SOURCE 1
| #define __EXTENSIONS__ 1
| #define HAVE_UINTPTR_T 1
| #define HAVE__BOOL 1
| #define HAVE_STDBOOL_H 1
| #define HAVE_GETPAGESIZE 1
| #define HAVE_STPCPY 1
| #define HAVE_DECL_STPCPY 1
| /* end confdefs.h.  */
| /* Define process_vm_readv to an innocuous variant, in case <limits.h> declares process_vm_readv.
|    For example, HP-UX 11i <limits.h> declares gettimeofday.  */
| #define process_vm_readv innocuous_process_vm_readv
| 
| /* System header to define __stub macros and hopefully few prototypes,
|    which can conflict with char process_vm_readv (); below.  */
| 
| #include <limits.h>
| #undef process_vm_readv
| 
| /* Override any GCC internal prototype to avoid an error.
|    Use char because int might match the return type of a GCC
|    builtin and then its argument prototype would still apply.  */
| #ifdef __cplusplus
| extern "C"
| #endif
| char process_vm_readv ();
| /* The GNU C library defines this for functions which it implements
|     to always fail with ENOSYS.  Some functions are actually named
|     something starting with __ and the normal name is an alias.  */
| #if defined __stub_process_vm_readv || defined __stub___process_vm_readv
| choke me
| #endif
| 
| int
| main (void)
| {
| return process_vm_readv ();
|   ;
|   return 0;
| }
configure:5260: result: no
configure:5280: checking for sys/param.h
configure:5280: /usr/local/lib/android/sdk/ndk/25.2.9519653/toolchains/llvm/prebuilt/linux-x86_64/bin/aarch64-linux-android22-clang -c  -Werror=implicit-function-declaration  conftest.c >&5
configure:5280: $? = 0
configure:5280: result: yes
configure:5286: checking for sys/uio.h
configure:5286: /usr/local/lib/android/sdk/ndk/25.2.9519653/toolchains/llvm/prebuilt/linux-x86_64/bin/aarch64-linux-android22-clang -c  -Werror=implicit-function-declaration  conftest.c >&5
configure:5286: $? = 0
configure:5286: result: yes
configure:5293: checking for siginfo_t.si_syscall
configure:5293: /usr/local/lib/android/sdk/ndk/25.2.9519653/toolchains/llvm/prebuilt/linux-x86_64/bin/aarch64-linux-android22-clang -c  -Werror=implicit-function-declaration  conftest.c >&5
configure:5293: $? = 0
configure:5293: result: yes
configure:5308: checking whether byte ordering is bigendian
configure:5324: /usr/local/lib/android/sdk/ndk/25.2.9519653/toolchains/llvm/prebuilt/linux-x86_64/bin/aarch64-linux-android22-clang -c  -Werror=implicit-function-declaration  conftest.c >&5
conftest.c:46:9: error: unknown type name 'not'
               not a universal capable compiler
               ^
conftest.c:46:14: error: expected ';' after top level declarator
               not a universal capable compiler
                    ^
                    ;
2 errors generated.
configure:5324: $? = 1
configure: failed program was:
| /* confdefs.h */
| #define PACKAGE_NAME "libexec"
| #define PACKAGE_TARNAME "libexec"
| #define PACKAGE_VERSION "30.0.50"
| #define PACKAGE_STRING "libexec 30.0.50"
| #define PACKAGE_BUGREPORT "bug-gnu-emacs@gnu.org"
| #define PACKAGE_URL "https://www.gnu.org/software/emacs/"
| #define HAVE_STDIO_H 1
| #define HAVE_STDLIB_H 1
| #define HAVE_STRING_H 1
| #define HAVE_INTTYPES_H 1
| #define HAVE_STDINT_H 1
| #define HAVE_STRINGS_H 1
| #define HAVE_SYS_STAT_H 1
| #define HAVE_SYS_TYPES_H 1
| #define HAVE_UNISTD_H 1
| #define HAVE_WCHAR_H 1
| #define STDC_HEADERS 1
| #define _ALL_SOURCE 1
| #define _DARWIN_C_SOURCE 1
| #define _GNU_SOURCE 1
| #define _HPUX_ALT_XOPEN_SOCKET_API 1
| #define _NETBSD_SOURCE 1
| #define _OPENBSD_SOURCE 1
| #define _POSIX_PTHREAD_SEMANTICS 1
| #define __STDC_WANT_IEC_60559_ATTRIBS_EXT__ 1
| #define __STDC_WANT_IEC_60559_BFP_EXT__ 1
| #define __STDC_WANT_IEC_60559_DFP_EXT__ 1
| #define __STDC_WANT_IEC_60559_FUNCS_EXT__ 1
| #define __STDC_WANT_IEC_60559_TYPES_EXT__ 1
| #define __STDC_WANT_LIB_EXT2__ 1
| #define __STDC_WANT_MATH_SPEC_FUNCS__ 1
| #define _TANDEM_SOURCE 1
| #define __EXTENSIONS__ 1
| #define HAVE_UINTPTR_T 1
| #define HAVE__BOOL 1
| #define HAVE_STDBOOL_H 1
| #define HAVE_GETPAGESIZE 1
| #define HAVE_STPCPY 1
| #define HAVE_DECL_STPCPY 1
| #define HAVE_SYS_PARAM_H 1
| #define HAVE_SYS_UIO_H 1
| #define HAVE_SIGINFO_T_SI_SYSCALL 1
| /* end confdefs.h.  */
| #ifndef __APPLE_CC__
| 	       not a universal capable compiler
| 	     #endif
| 	     typedef int dummy;
| 
configure:5370: /usr/local/lib/android/sdk/ndk/25.2.9519653/toolchains/llvm/prebuilt/linux-x86_64/bin/aarch64-linux-android22-clang -c  -Werror=implicit-function-declaration  conftest.c >&5
configure:5370: $? = 0
configure:5389: /usr/local/lib/android/sdk/ndk/25.2.9519653/toolchains/llvm/prebuilt/linux-x86_64/bin/aarch64-linux-android22-clang -c  -Werror=implicit-function-declaration  conftest.c >&5
conftest.c:52:4: error: use of undeclared identifier 'not'
                 not big endian
                 ^
1 error generated.
configure:5389: $? = 1
configure: failed program was:
| /* confdefs.h */
| #define PACKAGE_NAME "libexec"
| #define PACKAGE_TARNAME "libexec"
| #define PACKAGE_VERSION "30.0.50"
| #define PACKAGE_STRING "libexec 30.0.50"
| #define PACKAGE_BUGREPORT "bug-gnu-emacs@gnu.org"
| #define PACKAGE_URL "https://www.gnu.org/software/emacs/"
| #define HAVE_STDIO_H 1
| #define HAVE_STDLIB_H 1
| #define HAVE_STRING_H 1
| #define HAVE_INTTYPES_H 1
| #define HAVE_STDINT_H 1
| #define HAVE_STRINGS_H 1
| #define HAVE_SYS_STAT_H 1
| #define HAVE_SYS_TYPES_H 1
| #define HAVE_UNISTD_H 1
| #define HAVE_WCHAR_H 1
| #define STDC_HEADERS 1
| #define _ALL_SOURCE 1
| #define _DARWIN_C_SOURCE 1
| #define _GNU_SOURCE 1
| #define _HPUX_ALT_XOPEN_SOCKET_API 1
| #define _NETBSD_SOURCE 1
| #define _OPENBSD_SOURCE 1
| #define _POSIX_PTHREAD_SEMANTICS 1
| #define __STDC_WANT_IEC_60559_ATTRIBS_EXT__ 1
| #define __STDC_WANT_IEC_60559_BFP_EXT__ 1
| #define __STDC_WANT_IEC_60559_DFP_EXT__ 1
| #define __STDC_WANT_IEC_60559_FUNCS_EXT__ 1
| #define __STDC_WANT_IEC_60559_TYPES_EXT__ 1
| #define __STDC_WANT_LIB_EXT2__ 1
| #define __STDC_WANT_MATH_SPEC_FUNCS__ 1
| #define _TANDEM_SOURCE 1
| #define __EXTENSIONS__ 1
| #define HAVE_UINTPTR_T 1
| #define HAVE__BOOL 1
| #define HAVE_STDBOOL_H 1
| #define HAVE_GETPAGESIZE 1
| #define HAVE_STPCPY 1
| #define HAVE_DECL_STPCPY 1
| #define HAVE_SYS_PARAM_H 1
| #define HAVE_SYS_UIO_H 1
| #define HAVE_SIGINFO_T_SI_SYSCALL 1
| /* end confdefs.h.  */
| #include <sys/types.h>
| 		#include <sys/param.h>
| 
| int
| main (void)
| {
| #if BYTE_ORDER != BIG_ENDIAN
| 		 not big endian
| 		#endif
| 
|   ;
|   return 0;
| }
configure:5523: result: no
configure:5574: checking build system type
configure:5589: result: x86_64-pc-linux-android
configure:5609: checking host system type
configure:5623: result: aarch64-unknown-linux-android22
configure:5650: checking for sys/user.h
configure:5650: /usr/local/lib/android/sdk/ndk/25.2.9519653/toolchains/llvm/prebuilt/linux-x86_64/bin/aarch64-linux-android22-clang -c  -Werror=implicit-function-declaration  conftest.c >&5
configure:5650: $? = 0
configure:5650: result: yes
configure:5680: checking for gm4
configure:5715: result: no
configure:5680: checking for m4
configure:5701: found /usr/bin/m4
configure:5712: result: m4
configure:5729: checking for aarch64-unknown-linux-android22-as
configure:5761: result: /usr/local/lib/android/sdk/ndk/25.2.9519653/toolchains/llvm/prebuilt/linux-x86_64/bin/aarch64-linux-android22-clang
configure:5833: checking for aarch64-unknown-linux-android22-ar
configure:5865: result: /usr/local/lib/android/sdk/ndk/25.2.9519653/toolchains/llvm/prebuilt/linux-x86_64/bin/llvm-ar
configure:5937: checking for aarch64-unknown-linux-android22-ld
configure:5969: result: /usr/local/lib/android/sdk/ndk/25.2.9519653/toolchains/llvm/prebuilt/linux-x86_64/bin/aarch64-linux-android22-clang
configure:6039: checking whether ld is a C compiler
configure:6060: result: yes
configure:6064: checking whether as is a C compiler
configure:6085: result: yes
configure:6254: checking for struct user_regs_struct.sp
configure:6254: /usr/local/lib/android/sdk/ndk/25.2.9519653/toolchains/llvm/prebuilt/linux-x86_64/bin/aarch64-linux-android22-clang -c  -Werror=implicit-function-declaration  conftest.c >&5
configure:6254: $? = 0
configure:6254: result: yes
configure:6302: checking whether __NR_clone3 is declared
configure:6302: /usr/local/lib/android/sdk/ndk/25.2.9519653/toolchains/llvm/prebuilt/linux-x86_64/bin/aarch64-linux-android22-clang -c  -Werror=implicit-function-declaration   conftest.c >&5
configure:6302: $? = 0
configure:6302: result: yes
configure:6715: checking whether as understands -O
configure:6733: result: yes
configure:6744: checking whether as understands -g
configure:6762: result: yes
configure:6774: checking whether gcc understands -MMD -MF
configure:6793: /usr/local/lib/android/sdk/ndk/25.2.9519653/toolchains/llvm/prebuilt/linux-x86_64/bin/aarch64-linux-android22-clang -c  -Werror=implicit-function-declaration -MMD -MF deps.d -MP  conftest.c >&5
configure:6793: $? = 0
configure:6804: result: yes
configure:6815: checking for 'find' args to delete a file
configure:6829: result: -delete
configure:6954: creating ./config.status

## ---------------------- ##
## Running config.status. ##
## ---------------------- ##

This file was extended by libexec config.status 30.0.50, which was
generated by GNU Autoconf 2.71.  Invocation command line was

  CONFIG_FILES    = 
  CONFIG_HEADERS  = 
  CONFIG_LINKS    = 
  CONFIG_COMMANDS = 
  $ ./config.status 

on fv-az1118-461

config.status:863: creating Makefile
config.status:863: creating config-mips.m4
config.status:863: creating config.h
config.status:1038: config.h is unchanged

## ---------------- ##
## Cache variables. ##
## ---------------- ##

ac_cv_build=x86_64-pc-linux-android
ac_cv_c_bigendian=no
ac_cv_c_compiler_gnu=yes
ac_cv_c_uint16_t=yes
ac_cv_c_uint32_t=yes
ac_cv_c_uint64_t=yes
ac_cv_c_uint8_t=yes
ac_cv_c_undeclared_builtin_options='none needed'
ac_cv_env_ARFLAGS_set=
ac_cv_env_ARFLAGS_value=
ac_cv_env_ASFLAGS_set=
ac_cv_env_ASFLAGS_value=
ac_cv_env_AS_set=set
ac_cv_env_AS_value=/usr/local/lib/android/sdk/ndk/25.2.9519653/toolchains/llvm/prebuilt/linux-x86_64/bin/aarch64-linux-android22-clang
ac_cv_env_CC_set=set
ac_cv_env_CC_value=/usr/local/lib/android/sdk/ndk/25.2.9519653/toolchains/llvm/prebuilt/linux-x86_64/bin/aarch64-linux-android22-clang
ac_cv_env_CFLAGS_set=set
ac_cv_env_CFLAGS_value=' -Werror=implicit-function-declaration'
ac_cv_env_CPPFLAGS_set=
ac_cv_env_CPPFLAGS_value=
ac_cv_env_CPP_set=
ac_cv_env_CPP_value=
ac_cv_env_LDFLAGS_set=
ac_cv_env_LDFLAGS_value=
ac_cv_env_LD_set=set
ac_cv_env_LD_value=/usr/local/lib/android/sdk/ndk/25.2.9519653/toolchains/llvm/prebuilt/linux-x86_64/bin/aarch64-linux-android22-clang
ac_cv_env_LIBS_set=
ac_cv_env_LIBS_value=
ac_cv_env_LOADERFLAGS_set=
ac_cv_env_LOADERFLAGS_value=
ac_cv_env_M4_set=
ac_cv_env_M4_value=
ac_cv_env_build_alias_set=
ac_cv_env_build_alias_value=
ac_cv_env_host_alias_set=set
ac_cv_env_host_alias_value=aarch64-unknown-linux-android22
ac_cv_env_target_alias_set=
ac_cv_env_target_alias_value=
ac_cv_func_getpagesize=yes
ac_cv_func_process_vm_readv=no
ac_cv_func_stpcpy=yes
ac_cv_have_decl___NR_clone3=yes
ac_cv_have_decl_stpcpy=yes
ac_cv_header_inttypes_h=yes
ac_cv_header_minix_config_h=no
ac_cv_header_stdbool_h=yes
ac_cv_header_stdint_h=yes
ac_cv_header_stdio_h=yes
ac_cv_header_stdlib_h=yes
ac_cv_header_string_h=yes
ac_cv_header_strings_h=yes
ac_cv_header_sys_param_h=yes
ac_cv_header_sys_stat_h=yes
ac_cv_header_sys_types_h=yes
ac_cv_header_sys_uio_h=yes
ac_cv_header_sys_user_h=yes
ac_cv_header_unistd_h=yes
ac_cv_header_wchar_h=yes
ac_cv_host=aarch64-unknown-linux-android22
ac_cv_member_siginfo_t_si_syscall=yes
ac_cv_member_struct_user_regs_struct_sp=yes
ac_cv_objext=o
ac_cv_path_install='/usr/bin/install -c'
ac_cv_prog_AR=/usr/local/lib/android/sdk/ndk/25.2.9519653/toolchains/llvm/prebuilt/linux-x86_64/bin/llvm-ar
ac_cv_prog_AS=/usr/local/lib/android/sdk/ndk/25.2.9519653/toolchains/llvm/prebuilt/linux-x86_64/bin/aarch64-linux-android22-clang
ac_cv_prog_CC=/usr/local/lib/android/sdk/ndk/25.2.9519653/toolchains/llvm/prebuilt/linux-x86_64/bin/aarch64-linux-android22-clang
ac_cv_prog_CPP='/usr/local/lib/android/sdk/ndk/25.2.9519653/toolchains/llvm/prebuilt/linux-x86_64/bin/aarch64-linux-android22-clang -E'
ac_cv_prog_LD=/usr/local/lib/android/sdk/ndk/25.2.9519653/toolchains/llvm/prebuilt/linux-x86_64/bin/aarch64-linux-android22-clang
ac_cv_prog_M4=m4
ac_cv_prog_cc_c11=
ac_cv_prog_cc_g=yes
ac_cv_prog_cc_stdc=
ac_cv_safe_to_define___extensions__=yes
ac_cv_should_define__xopen_source=no
ac_cv_type__Bool=yes
ac_cv_type_pid_t=yes
ac_cv_type_size_t=yes
ac_cv_type_ssize_t=yes
ac_cv_type_uintptr_t=yes
exec_cv_as_O=yes
exec_cv_as_g=yes
exec_cv_as_is_cc=yes
exec_cv_autodepend=yes
exec_cv_find_delete=-delete
exec_cv_ld_is_cc=yes

## ----------------- ##
## Output variables. ##
## ----------------- ##

AR='/usr/local/lib/android/sdk/ndk/25.2.9519653/toolchains/llvm/prebuilt/linux-x86_64/bin/llvm-ar'
ARFLAGS=''
AS='/usr/local/lib/android/sdk/ndk/25.2.9519653/toolchains/llvm/prebuilt/linux-x86_64/bin/aarch64-linux-android22-clang'
ASFLAGS=' -c -O -g'
AUTO_DEPEND='yes'
CC='/usr/local/lib/android/sdk/ndk/25.2.9519653/toolchains/llvm/prebuilt/linux-x86_64/bin/aarch64-linux-android22-clang'
CFLAGS=' -Werror=implicit-function-declaration'
CPP='/usr/local/lib/android/sdk/ndk/25.2.9519653/toolchains/llvm/prebuilt/linux-x86_64/bin/aarch64-linux-android22-clang -E'
CPPFLAGS=''
DADDI_BROKEN='no'
DEFS='-DHAVE_CONFIG_H'
ECHO_C=''
ECHO_N='-n'
ECHO_T=''
EXEEXT=''
FIND_DELETE='-delete'
INSTALL_DATA='${INSTALL} -m 644'
INSTALL_PROGRAM='${INSTALL}'
INSTALL_SCRIPT='${INSTALL}'
LD='/usr/local/lib/android/sdk/ndk/25.2.9519653/toolchains/llvm/prebuilt/linux-x86_64/bin/aarch64-linux-android22-clang'
LDFLAGS=''
LIBOBJS=''
LIBS=''
LOADERFLAGS=' -nostdlib -nostartfiles -static -Wl,-Ttext=0x2000000000'
LTLIBOBJS=''
M4='m4'
MIPS_N32=''
OBJEXT='o'
OBJS='exec.o trace.o'
PACKAGE_BUGREPORT='bug-gnu-emacs@gnu.org'
PACKAGE_NAME='libexec'
PACKAGE_STRING='libexec 30.0.50'
PACKAGE_TARNAME='libexec'
PACKAGE_URL='https://www.gnu.org/software/emacs/'
PACKAGE_VERSION='30.0.50'
PATH_SEPARATOR=':'
SHELL='/bin/bash'
ac_ct_CC=''
bindir='${exec_prefix}/bin'
build='x86_64-pc-linux-android'
build_alias=''
build_cpu='x86_64'
build_os='linux-android'
build_vendor='pc'
datadir='${datarootdir}'
datarootdir='${prefix}/share'
docdir='${datarootdir}/doc/${PACKAGE_TARNAME}'
dvidir='${docdir}'
exec_loader='loader-aarch64.s'
exec_prefix='${prefix}'
host='aarch64-unknown-linux-android22'
host_alias='aarch64-unknown-linux-android22'
host_cpu='aarch64'
host_os='linux-android22'
host_vendor='unknown'
htmldir='${docdir}'
includedir='${prefix}/include'
infodir='${datarootdir}/info'
libdir='${exec_prefix}/lib'
libexecdir='${exec_prefix}/libexec'
localedir='${datarootdir}/locale'
localstatedir='${prefix}/var'
mandir='${datarootdir}/man'
oldincludedir='/usr/include'
pdfdir='${docdir}'
prefix='/usr/local'
program_transform_name='s,x,x,'
psdir='${docdir}'
runstatedir='${localstatedir}/run'
sbindir='${exec_prefix}/sbin'
sharedstatedir='${prefix}/com'
sysconfdir='${prefix}/etc'
target_alias=''

## ----------- ##
## confdefs.h. ##
## ----------- ##

/* confdefs.h */
#define PACKAGE_NAME "libexec"
#define PACKAGE_TARNAME "libexec"
#define PACKAGE_VERSION "30.0.50"
#define PACKAGE_STRING "libexec 30.0.50"
#define PACKAGE_BUGREPORT "bug-gnu-emacs@gnu.org"
#define PACKAGE_URL "https://www.gnu.org/software/emacs/"
#define HAVE_STDIO_H 1
#define HAVE_STDLIB_H 1
#define HAVE_STRING_H 1
#define HAVE_INTTYPES_H 1
#define HAVE_STDINT_H 1
#define HAVE_STRINGS_H 1
#define HAVE_SYS_STAT_H 1
#define HAVE_SYS_TYPES_H 1
#define HAVE_UNISTD_H 1
#define HAVE_WCHAR_H 1
#define STDC_HEADERS 1
#define _ALL_SOURCE 1
#define _DARWIN_C_SOURCE 1
#define _GNU_SOURCE 1
#define _HPUX_ALT_XOPEN_SOCKET_API 1
#define _NETBSD_SOURCE 1
#define _OPENBSD_SOURCE 1
#define _POSIX_PTHREAD_SEMANTICS 1
#define __STDC_WANT_IEC_60559_ATTRIBS_EXT__ 1
#define __STDC_WANT_IEC_60559_BFP_EXT__ 1
#define __STDC_WANT_IEC_60559_DFP_EXT__ 1
#define __STDC_WANT_IEC_60559_FUNCS_EXT__ 1
#define __STDC_WANT_IEC_60559_TYPES_EXT__ 1
#define __STDC_WANT_LIB_EXT2__ 1
#define __STDC_WANT_MATH_SPEC_FUNCS__ 1
#define _TANDEM_SOURCE 1
#define __EXTENSIONS__ 1
#define HAVE_UINTPTR_T 1
#define HAVE__BOOL 1
#define HAVE_STDBOOL_H 1
#define HAVE_GETPAGESIZE 1
#define HAVE_STPCPY 1
#define HAVE_DECL_STPCPY 1
#define HAVE_SYS_PARAM_H 1
#define HAVE_SYS_UIO_H 1
#define HAVE_SIGINFO_T_SI_SYSCALL 1
#define SYSCALL_HEADER <asm/unistd.h>
#define USER_HEADER <sys/user.h>
#define USER_REGS_STRUCT struct user_regs_struct
#define SYSCALL_NUM_REG regs[8]
#define SYSCALL_RET_REG regs[0]
#define SYSCALL_ARG_REG regs[0]
#define SYSCALL_ARG1_REG regs[1]
#define SYSCALL_ARG2_REG regs[2]
#define SYSCALL_ARG3_REG regs[3]
#define STACK_POINTER sp
#define EXEC_SYSCALL __NR_execve
#define USER_WORD uintptr_t
#define USER_SWORD intptr_t
#define EXEC_64 1
#define EXECUTABLE_BASE 0x3000000000
#define INTERPRETER_BASE 0x3f00000000
#define STACK_GROWS_DOWNWARDS 1
#define CLONE_SYSCALL __NR_clone
#define READLINKAT_SYSCALL __NR_readlinkat
#define OPENAT_SYSCALL __NR_openat
#define CLONE3_SYSCALL __NR_clone3

configure: exit 0
